<?xml version="1.0" encoding="UTF-8"?>
<testng-results ignored="0" total="1" passed="1" failed="0" skipped="0">
  <reporter-output>
  </reporter-output>
  <suite started-at="2024-07-16T09:59:46 IST" name="Default suite" finished-at="2024-07-16T10:00:02 IST" duration-ms="15754">
    <groups>
    </groups>
    <test started-at="2024-07-16T09:59:46 IST" name="Default test" finished-at="2024-07-16T10:00:02 IST" duration-ms="15754">
      <class name="functionalTesting.HomePage">
        <test-method is-config="true" signature="appiumConfigration()[pri:0, instance:functionalTesting.HomePage@8f2ef19]" started-at="2024-07-16T09:59:46 IST" name="appiumConfigration" finished-at="2024-07-16T09:59:56 IST" duration-ms="10041" status="PASS">
          <reporter-output>
          </reporter-output>
        </test-method> <!-- appiumConfigration -->
        <test-method signature="functionalTesting()[pri:0, instance:functionalTesting.HomePage@8f2ef19]" started-at="2024-07-16T09:59:56 IST" name="functionalTesting" finished-at="2024-07-16T10:00:01 IST" duration-ms="4871" status="PASS">
          <reporter-output>
          </reporter-output>
        </test-method> <!-- functionalTesting -->
        <test-method is-config="true" signature="tearDown()[pri:0, instance:functionalTesting.HomePage@8f2ef19]" started-at="2024-07-16T10:00:01 IST" name="tearDown" finished-at="2024-07-16T10:00:02 IST" duration-ms="796" status="PASS">
          <reporter-output>
          </reporter-output>
        </test-method> <!-- tearDown -->
      </class> <!-- functionalTesting.HomePage -->
    </test> <!-- Default test -->
  </suite> <!-- Default suite -->
</testng-results>
