<?xml version="1.0" encoding="UTF-8"?>
<testng-results ignored="0" total="1" passed="1" failed="0" skipped="0">
  <reporter-output>
  </reporter-output>
  <suite started-at="2024-07-16T09:28:01 IST" name="Default suite" finished-at="2024-07-16T09:28:28 IST" duration-ms="26397">
    <groups>
    </groups>
    <test started-at="2024-07-16T09:28:01 IST" name="Default test" finished-at="2024-07-16T09:28:28 IST" duration-ms="26397">
      <class name="functionalTestcases.BrandPage">
        <test-method is-config="true" signature="appiumConfigration()[pri:0, instance:functionalTestcases.BrandPage@2034b64c]" started-at="2024-07-16T09:28:01 IST" name="appiumConfigration" finished-at="2024-07-16T09:28:10 IST" duration-ms="9017" status="PASS">
          <reporter-output>
          </reporter-output>
        </test-method> <!-- appiumConfigration -->
        <test-method signature="homePage()[pri:0, instance:functionalTestcases.BrandPage@2034b64c]" started-at="2024-07-16T09:28:10 IST" name="homePage" finished-at="2024-07-16T09:28:27 IST" duration-ms="16789" status="PASS">
          <reporter-output>
          </reporter-output>
        </test-method> <!-- homePage -->
        <test-method is-config="true" signature="tearDown()[pri:0, instance:functionalTestcases.BrandPage@2034b64c]" started-at="2024-07-16T09:28:27 IST" name="tearDown" finished-at="2024-07-16T09:28:28 IST" duration-ms="542" status="PASS">
          <reporter-output>
          </reporter-output>
        </test-method> <!-- tearDown -->
      </class> <!-- functionalTestcases.BrandPage -->
    </test> <!-- Default test -->
  </suite> <!-- Default suite -->
</testng-results>
